-------------------------------------------------------------------------------
Test set: Vehicle Table View
-------------------------------------------------------------------------------
Tests run: 8, Failures: 0, Errors: 8, Skipped: 0, Time elapsed: 0.158 s <<< FAILURE! - in Vehicle Table View
Vehicle Table View.All user types can see vehicle table #1  Time elapsed: 0.093 s  <<< ERROR!
io.cucumber.junit.UndefinedStepException: 
The step 'The user is on the login page' and 3 other step(s) are undefined.
You can implement these steps using the snippet(s) below:

@Given("The user is on the login page")
public void the_user_is_on_the_login_page() {
    // Write code here that turns the phrase above into concrete actions
    throw new io.cucumber.java.PendingException();
}
@When("The user logs in as {string}")
public void the_user_logs_in_as(String string) {
    // Write code here that turns the phrase above into concrete actions
    throw new io.cucumber.java.PendingException();
}
@When("The user navigates to QuickLaunchpad Fleet-Vehicle page")
public void the_user_navigates_to_quick_launchpad_fleet_vehicle_page() {
    // Write code here that turns the phrase above into concrete actions
    throw new io.cucumber.java.PendingException();
}
@Then("The user sees all the vehicle information in a table")
public void the_user_sees_all_the_vehicle_information_in_a_table() {
    // Write code here that turns the phrase above into concrete actions
    throw new io.cucumber.java.PendingException();
}


Vehicle Table View.All user types can see vehicle table #2  Time elapsed: 0.008 s  <<< ERROR!
io.cucumber.junit.UndefinedStepException: 
The step 'The user is on the login page' and 3 other step(s) are undefined.
You can implement these steps using the snippet(s) below:

@Given("The user is on the login page")
public void the_user_is_on_the_login_page() {
    // Write code here that turns the phrase above into concrete actions
    throw new io.cucumber.java.PendingException();
}
@When("The user logs in as {string}")
public void the_user_logs_in_as(String string) {
    // Write code here that turns the phrase above into concrete actions
    throw new io.cucumber.java.PendingException();
}
@When("The user navigates to Dashboard Fleet-Vehicle page")
public void the_user_navigates_to_dashboard_fleet_vehicle_page() {
    // Write code here that turns the phrase above into concrete actions
    throw new io.cucumber.java.PendingException();
}
@Then("The user sees all the vehicle information in a table")
public void the_user_sees_all_the_vehicle_information_in_a_table() {
    // Write code here that turns the phrase above into concrete actions
    throw new io.cucumber.java.PendingException();
}


Vehicle Table View.All user types can see vehicle table #3  Time elapsed: 0.007 s  <<< ERROR!
io.cucumber.junit.UndefinedStepException: 
The step 'The user is on the login page' and 3 other step(s) are undefined.
You can implement these steps using the snippet(s) below:

@Given("The user is on the login page")
public void the_user_is_on_the_login_page() {
    // Write code here that turns the phrase above into concrete actions
    throw new io.cucumber.java.PendingException();
}
@When("The user logs in as {string}")
public void the_user_logs_in_as(String string) {
    // Write code here that turns the phrase above into concrete actions
    throw new io.cucumber.java.PendingException();
}
@When("The user navigates to Dashboard Fleet-Vehicle page")
public void the_user_navigates_to_dashboard_fleet_vehicle_page() {
    // Write code here that turns the phrase above into concrete actions
    throw new io.cucumber.java.PendingException();
}
@Then("The user sees all the vehicle information in a table")
public void the_user_sees_all_the_vehicle_information_in_a_table() {
    // Write code here that turns the phrase above into concrete actions
    throw new io.cucumber.java.PendingException();
}


Vehicle Table View.Verify total page number of the vehicle table is displayed  Time elapsed: 0.006 s  <<< ERROR!
io.cucumber.junit.UndefinedStepException: 
The step 'The user is on the login page' and 3 other step(s) are undefined.
You can implement these steps using the snippet(s) below:

@Given("The user is on the login page")
public void the_user_is_on_the_login_page() {
    // Write code here that turns the phrase above into concrete actions
    throw new io.cucumber.java.PendingException();
}
@When("The user logs in as {string}")
public void the_user_logs_in_as(String string) {
    // Write code here that turns the phrase above into concrete actions
    throw new io.cucumber.java.PendingException();
}
@When("The user navigates to QuickLaunchpad Fleet-Vehicle page")
public void the_user_navigates_to_quick_launchpad_fleet_vehicle_page() {
    // Write code here that turns the phrase above into concrete actions
    throw new io.cucumber.java.PendingException();
}
@Then("User can see the total page number")
public void user_can_see_the_total_page_number() {
    // Write code here that turns the phrase above into concrete actions
    throw new io.cucumber.java.PendingException();
}


Vehicle Table View.Verify < and > buttons of the vehicle table work properly #1  Time elapsed: 0.012 s  <<< ERROR!
io.cucumber.junit.UndefinedStepException: 
The step 'The user is on the login page' and 4 other step(s) are undefined.
You can implement these steps using the snippet(s) below:

@Given("The user is on the login page")
public void the_user_is_on_the_login_page() {
    // Write code here that turns the phrase above into concrete actions
    throw new io.cucumber.java.PendingException();
}
@When("The user logs in as {string}")
public void the_user_logs_in_as(String string) {
    // Write code here that turns the phrase above into concrete actions
    throw new io.cucumber.java.PendingException();
}
@When("The user navigates to QuickLaunchpad Fleet-Vehicle page")
public void the_user_navigates_to_quick_launchpad_fleet_vehicle_page() {
    // Write code here that turns the phrase above into concrete actions
    throw new io.cucumber.java.PendingException();
}
@When("The user clicks on the forward {string} button")
public void the_user_clicks_on_the_forward_button(String string) {
    // Write code here that turns the phrase above into concrete actions
    throw new io.cucumber.java.PendingException();
}
@Then("Verify seeing the next page of the table")
public void verify_seeing_the_next_page_of_the_table() {
    // Write code here that turns the phrase above into concrete actions
    throw new io.cucumber.java.PendingException();
}


Vehicle Table View.Verify < and > buttons of the vehicle table work properly #2  Time elapsed: 0.013 s  <<< ERROR!
io.cucumber.junit.UndefinedStepException: 
The step 'The user is on the login page' and 5 other step(s) are undefined.
You can implement these steps using the snippet(s) below:

@Given("The user is on the login page")
public void the_user_is_on_the_login_page() {
    // Write code here that turns the phrase above into concrete actions
    throw new io.cucumber.java.PendingException();
}
@When("The user logs in as {string}")
public void the_user_logs_in_as(String string) {
    // Write code here that turns the phrase above into concrete actions
    throw new io.cucumber.java.PendingException();
}
@When("The user navigates to QuickLaunchpad Fleet-Vehicle page")
public void the_user_navigates_to_quick_launchpad_fleet_vehicle_page() {
    // Write code here that turns the phrase above into concrete actions
    throw new io.cucumber.java.PendingException();
}
@When("The user clicks on the forward {string} button")
public void the_user_clicks_on_the_forward_button(String string) {
    // Write code here that turns the phrase above into concrete actions
    throw new io.cucumber.java.PendingException();
}
@When("The user clicks on the back {string} button")
public void the_user_clicks_on_the_back_button(String string) {
    // Write code here that turns the phrase above into concrete actions
    throw new io.cucumber.java.PendingException();
}
@Then("Verify seeing the previous page of the table")
public void verify_seeing_the_previous_page_of_the_table() {
    // Write code here that turns the phrase above into concrete actions
    throw new io.cucumber.java.PendingException();
}


Vehicle Table View.Verify total recordings of vehicles is displayed  Time elapsed: 0.006 s  <<< ERROR!
io.cucumber.junit.UndefinedStepException: 
The step 'The user is on the login page' and 3 other step(s) are undefined.
You can implement these steps using the snippet(s) below:

@Given("The user is on the login page")
public void the_user_is_on_the_login_page() {
    // Write code here that turns the phrase above into concrete actions
    throw new io.cucumber.java.PendingException();
}
@When("The user logs in as {string}")
public void the_user_logs_in_as(String string) {
    // Write code here that turns the phrase above into concrete actions
    throw new io.cucumber.java.PendingException();
}
@When("The user navigates to QuickLaunchpad Fleet-Vehicle page")
public void the_user_navigates_to_quick_launchpad_fleet_vehicle_page() {
    // Write code here that turns the phrase above into concrete actions
    throw new io.cucumber.java.PendingException();
}
@Then("Verify user can see total recordings of vehicles")
public void verify_user_can_see_total_recordings_of_vehicles() {
    // Write code here that turns the phrase above into concrete actions
    throw new io.cucumber.java.PendingException();
}


Vehicle Table View.Verify user can download table data in XLS or CSV format from "Export Grid"  Time elapsed: 0.008 s  <<< ERROR!
io.cucumber.junit.UndefinedStepException: 
The step 'The user is on the login page' and 4 other step(s) are undefined.
You can implement these steps using the snippet(s) below:

@Given("The user is on the login page")
public void the_user_is_on_the_login_page() {
    // Write code here that turns the phrase above into concrete actions
    throw new io.cucumber.java.PendingException();
}
@When("The user logs in as {string}")
public void the_user_logs_in_as(String string) {
    // Write code here that turns the phrase above into concrete actions
    throw new io.cucumber.java.PendingException();
}
@When("The user navigates to QuickLaunchpad Fleet-Vehicle page")
public void the_user_navigates_to_quick_launchpad_fleet_vehicle_page() {
    // Write code here that turns the phrase above into concrete actions
    throw new io.cucumber.java.PendingException();
}
@When("The user clicks on the {string} link")
public void the_user_clicks_on_the_link(String string) {
    // Write code here that turns the phrase above into concrete actions
    throw new io.cucumber.java.PendingException();
}
@Then("Verify table data is downloaded in XLS or CSV format")
public void verify_table_data_is_downloaded_in_xls_or_csv_format() {
    // Write code here that turns the phrase above into concrete actions
    throw new io.cucumber.java.PendingException();
}


